One-Call/app/build/intermediates/manifest_merge_blame_file/debug/processDebugMainManifest/manifest-merger-blame-debug-report.txt
1<?xml version="1.0" encoding="utf-8"?>
2<manifest xmlns:android="http://schemas.android.com/apk/res/android"
3    package="com.onecall"
4    android:versionCode="1"
5    android:versionName="1.0" >
6
7    <uses-sdk
8        android:minSdkVersion="26"
9        android:targetSdkVersion="34" />
10
11    <!-- Required Bluetooth -->
12    <uses-permission android:name="android.permission.BLUETOOTH" />
12-->src/main/AndroidManifest.xml:5:5-68
12-->src/main/AndroidManifest.xml:5:22-65
13    <uses-permission android:name="android.permission.BLUETOOTH_ADMIN" />
13-->src/main/AndroidManifest.xml:6:5-74
13-->src/main/AndroidManifest.xml:6:22-71
14    <uses-permission android:name="android.permission.BLUETOOTH_CONNECT" />
14-->src/main/AndroidManifest.xml:7:5-76
14-->src/main/AndroidManifest.xml:7:22-73
15    <uses-permission android:name="android.permission.BLUETOOTH_SCAN" />
15-->src/main/AndroidManifest.xml:8:5-73
15-->src/main/AndroidManifest.xml:8:22-70
16
17    <!-- Phone & Audio -->
18    <uses-permission android:name="android.permission.READ_PHONE_STATE" />
18-->src/main/AndroidManifest.xml:11:5-75
18-->src/main/AndroidManifest.xml:11:22-72
19    <uses-permission android:name="android.permission.RECORD_AUDIO" />
19-->src/main/AndroidManifest.xml:12:5-71
19-->src/main/AndroidManifest.xml:12:22-68
20    <uses-permission android:name="android.permission.MODIFY_AUDIO_SETTINGS" />
20-->src/main/AndroidManifest.xml:13:5-80
20-->src/main/AndroidManifest.xml:13:22-77
21    <uses-permission android:name="android.permission.ANSWER_PHONE_CALLS" />
21-->src/main/AndroidManifest.xml:14:5-77
21-->src/main/AndroidManifest.xml:14:22-74
22    <uses-permission android:name="android.permission.CALL_PHONE" />
22-->src/main/AndroidManifest.xml:15:5-69
22-->src/main/AndroidManifest.xml:15:22-66
23    <uses-permission android:name="android.permission.MANAGE_OWN_CALLS" />
23-->src/main/AndroidManifest.xml:16:5-75
23-->src/main/AndroidManifest.xml:16:22-72
24
25    <!-- Service & Background -->
26    <uses-permission android:name="android.permission.FOREGROUND_SERVICE" />
26-->src/main/AndroidManifest.xml:19:5-77
26-->src/main/AndroidManifest.xml:19:22-74
27    <uses-permission android:name="android.permission.FOREGROUND_SERVICE_CONNECTED_DEVICE" />
27-->src/main/AndroidManifest.xml:20:5-94
27-->src/main/AndroidManifest.xml:20:22-91
28    <uses-permission android:name="android.permission.FOREGROUND_SERVICE_PHONE_CALL" />
28-->src/main/AndroidManifest.xml:21:5-88
28-->src/main/AndroidManifest.xml:21:22-85
29    <uses-permission android:name="android.permission.WAKE_LOCK" />
29-->src/main/AndroidManifest.xml:22:5-68
29-->src/main/AndroidManifest.xml:22:22-65
30    <uses-permission android:name="android.permission.RECEIVE_BOOT_COMPLETED" />
30-->src/main/AndroidManifest.xml:23:5-81
30-->src/main/AndroidManifest.xml:23:22-78
31    <uses-permission android:name="android.permission.REQUEST_IGNORE_BATTERY_OPTIMIZATIONS" />
31-->src/main/AndroidManifest.xml:24:5-95
31-->src/main/AndroidManifest.xml:24:22-92
32
33    <!-- Optional -->
34    <uses-permission android:name="android.permission.ACCESS_FINE_LOCATION" />
34-->src/main/AndroidManifest.xml:27:5-79
34-->src/main/AndroidManifest.xml:27:22-76
35    <uses-permission android:name="android.permission.READ_CONTACTS" />
35-->src/main/AndroidManifest.xml:28:5-72
35-->src/main/AndroidManifest.xml:28:22-69
36    <uses-permission android:name="android.permission.READ_CALL_LOG" />
36-->src/main/AndroidManifest.xml:29:5-72
36-->src/main/AndroidManifest.xml:29:22-69
37    <uses-permission android:name="android.permission.WRITE_CALL_LOG" />
37-->src/main/AndroidManifest.xml:30:5-73
37-->src/main/AndroidManifest.xml:30:22-70
38    <uses-permission android:name="android.permission.POST_NOTIFICATIONS" />
38-->src/main/AndroidManifest.xml:31:5-77
38-->src/main/AndroidManifest.xml:31:22-74
39
40    <uses-feature
40-->src/main/AndroidManifest.xml:33:5-35:35
41        android:name="android.hardware.bluetooth"
41-->src/main/AndroidManifest.xml:34:9-50
42        android:required="true" />
42-->src/main/AndroidManifest.xml:35:9-32
43
44    <permission
44-->[androidx.core:core:1.13.1] AndroidManifest.xml:22:5-24:47
45        android:name="com.onecall.DYNAMIC_RECEIVER_NOT_EXPORTED_PERMISSION"
45-->[androidx.core:core:1.13.1] AndroidManifest.xml:23:9-81
46        android:protectionLevel="signature" />
46-->[androidx.core:core:1.13.1] AndroidManifest.xml:24:9-44
47
48    <uses-permission android:name="com.onecall.DYNAMIC_RECEIVER_NOT_EXPORTED_PERMISSION" />
48-->[androidx.core:core:1.13.1] AndroidManifest.xml:26:5-97
48-->[androidx.core:core:1.13.1] AndroidManifest.xml:26:22-94
49
50    <application
50-->src/main/AndroidManifest.xml:37:5-99:19
51        android:allowBackup="true"
51-->src/main/AndroidManifest.xml:38:9-35
52        android:appComponentFactory="androidx.core.app.CoreComponentFactory"
52-->[androidx.core:core:1.13.1] AndroidManifest.xml:28:18-86
53        android:debuggable="true"
54        android:extractNativeLibs="false"
55        android:icon="@drawable/ic_app_icon"
55-->src/main/AndroidManifest.xml:39:9-45
56        android:label="@string/app_name"
56-->src/main/AndroidManifest.xml:40:9-41
57        android:roundIcon="@drawable/ic_app_icon"
57-->src/main/AndroidManifest.xml:41:9-50
58        android:supportsRtl="true"
58-->src/main/AndroidManifest.xml:42:9-35
59        android:theme="@style/Theme.OneCall" >
59-->src/main/AndroidManifest.xml:43:9-45
60
61        <!-- Main Single Activity -->
62        <activity
62-->src/main/AndroidManifest.xml:46:9-54:20
63            android:name="com.onecall.ui.MainActivity"
63-->src/main/AndroidManifest.xml:47:13-44
64            android:exported="true"
64-->src/main/AndroidManifest.xml:48:13-36
65            android:windowSoftInputMode="adjustResize" >
65-->src/main/AndroidManifest.xml:49:13-55
66            <intent-filter>
66-->src/main/AndroidManifest.xml:50:13-53:29
67                <action android:name="android.intent.action.MAIN" />
67-->src/main/AndroidManifest.xml:51:17-69
67-->src/main/AndroidManifest.xml:51:25-66
68
69                <category android:name="android.intent.category.LAUNCHER" />
69-->src/main/AndroidManifest.xml:52:17-77
69-->src/main/AndroidManifest.xml:52:27-74
70            </intent-filter>
71        </activity>
72
73        <!-- Incoming Call Full Screen -->
74        <activity
74-->src/main/AndroidManifest.xml:57:9-63:63
75            android:name="com.onecall.ui.call.IncomingCallActivity"
75-->src/main/AndroidManifest.xml:58:13-57
76            android:exported="false"
76-->src/main/AndroidManifest.xml:59:13-37
77            android:launchMode="singleTask"
77-->src/main/AndroidManifest.xml:62:13-44
78            android:showOnLockScreen="true"
78-->src/main/AndroidManifest.xml:60:13-44
79            android:theme="@style/Theme.OneCall.FullScreen"
79-->src/main/AndroidManifest.xml:63:13-60
80            android:turnScreenOn="true" />
80-->src/main/AndroidManifest.xml:61:13-40
81
82        <!-- Active Call Screen -->
83        <activity
83-->src/main/AndroidManifest.xml:66:9-70:52
84            android:name="com.onecall.ui.call.ActiveCallActivity"
84-->src/main/AndroidManifest.xml:67:13-55
85            android:exported="false"
85-->src/main/AndroidManifest.xml:68:13-37
86            android:launchMode="singleTask"
86-->src/main/AndroidManifest.xml:69:13-44
87            android:theme="@style/Theme.OneCall" />
87-->src/main/AndroidManifest.xml:70:13-49
88
89        <!-- Foreground Service -->
90        <service
90-->src/main/AndroidManifest.xml:73:9-77:44
91            android:name="com.onecall.service.OneCallService"
91-->src/main/AndroidManifest.xml:74:13-51
92            android:exported="false"
92-->src/main/AndroidManifest.xml:75:13-37
93            android:foregroundServiceType="connectedDevice|phoneCall"
93-->src/main/AndroidManifest.xml:76:13-70
94            android:stopWithTask="false" />
94-->src/main/AndroidManifest.xml:77:13-41
95
96        <!-- Call State Broadcast Receiver -->
97        <receiver
97-->src/main/AndroidManifest.xml:80:9-87:20
98            android:name="com.onecall.receiver.CallReceiver"
98-->src/main/AndroidManifest.xml:81:13-50
99            android:exported="false" >
99-->src/main/AndroidManifest.xml:82:13-37
100            <intent-filter>
100-->src/main/AndroidManifest.xml:83:13-86:29
101                <action android:name="android.intent.action.PHONE_STATE" />
101-->src/main/AndroidManifest.xml:84:17-76
101-->src/main/AndroidManifest.xml:84:25-73
102                <action android:name="android.intent.action.NEW_OUTGOING_CALL" />
102-->src/main/AndroidManifest.xml:85:17-82
102-->src/main/AndroidManifest.xml:85:25-79
103            </intent-filter>
104        </receiver>
105
106        <!-- Boot Receiver -->
107        <receiver
107-->src/main/AndroidManifest.xml:90:9-97:20
108            android:name="com.onecall.receiver.BootReceiver"
108-->src/main/AndroidManifest.xml:91:13-50
109            android:exported="true" >
109-->src/main/AndroidManifest.xml:92:13-36
110            <intent-filter>
110-->src/main/AndroidManifest.xml:93:13-96:29
111                <action android:name="android.intent.action.BOOT_COMPLETED" />
111-->src/main/AndroidManifest.xml:94:17-79
111-->src/main/AndroidManifest.xml:94:25-76
112                <action android:name="android.intent.action.LOCKED_BOOT_COMPLETED" />
112-->src/main/AndroidManifest.xml:95:17-86
112-->src/main/AndroidManifest.xml:95:25-83
113            </intent-filter>
114        </receiver>
115
116        <provider
116-->[androidx.emoji2:emoji2:1.3.0] AndroidManifest.xml:24:9-32:20
117            android:name="androidx.startup.InitializationProvider"
117-->[androidx.emoji2:emoji2:1.3.0] AndroidManifest.xml:25:13-67
118            android:authorities="com.onecall.androidx-startup"
118-->[androidx.emoji2:emoji2:1.3.0] AndroidManifest.xml:26:13-68
119            android:exported="false" >
119-->[androidx.emoji2:emoji2:1.3.0] AndroidManifest.xml:27:13-37
120            <meta-data
120-->[androidx.emoji2:emoji2:1.3.0] AndroidManifest.xml:29:13-31:52
121                android:name="androidx.emoji2.text.EmojiCompatInitializer"
121-->[androidx.emoji2:emoji2:1.3.0] AndroidManifest.xml:30:17-75
122                android:value="androidx.startup" />
122-->[androidx.emoji2:emoji2:1.3.0] AndroidManifest.xml:31:17-49
123            <meta-data
123-->[androidx.lifecycle:lifecycle-process:2.8.3] AndroidManifest.xml:29:13-31:52
124                android:name="androidx.lifecycle.ProcessLifecycleInitializer"
124-->[androidx.lifecycle:lifecycle-process:2.8.3] AndroidManifest.xml:30:17-78
125                android:value="androidx.startup" />
125-->[androidx.lifecycle:lifecycle-process:2.8.3] AndroidManifest.xml:31:17-49
126            <meta-data
126-->[androidx.profileinstaller:profileinstaller:1.3.1] AndroidManifest.xml:29:13-31:52
127                android:name="androidx.profileinstaller.ProfileInstallerInitializer"
127-->[androidx.profileinstaller:profileinstaller:1.3.1] AndroidManifest.xml:30:17-85
128                android:value="androidx.startup" />
128-->[androidx.profileinstaller:profileinstaller:1.3.1] AndroidManifest.xml:31:17-49
129        </provider>
130
131        <uses-library
131-->[androidx.window:window:1.0.0] AndroidManifest.xml:25:9-27:40
132            android:name="androidx.window.extensions"
132-->[androidx.window:window:1.0.0] AndroidManifest.xml:26:13-54
133            android:required="false" />
133-->[androidx.window:window:1.0.0] AndroidManifest.xml:27:13-37
134        <uses-library
134-->[androidx.window:window:1.0.0] AndroidManifest.xml:28:9-30:40
135            android:name="androidx.window.sidecar"
135-->[androidx.window:window:1.0.0] AndroidManifest.xml:29:13-51
136            android:required="false" />
136-->[androidx.window:window:1.0.0] AndroidManifest.xml:30:13-37
137
138        <service
138-->[androidx.room:room-runtime:2.6.1] AndroidManifest.xml:24:9-28:63
139            android:name="androidx.room.MultiInstanceInvalidationService"
139-->[androidx.room:room-runtime:2.6.1] AndroidManifest.xml:25:13-74
140            android:directBootAware="true"
140-->[androidx.room:room-runtime:2.6.1] AndroidManifest.xml:26:13-43
141            android:exported="false" />
141-->[androidx.room:room-runtime:2.6.1] AndroidManifest.xml:27:13-37
142
143        <receiver
143-->[androidx.profileinstaller:profileinstaller:1.3.1] AndroidManifest.xml:34:9-52:20
144            android:name="androidx.profileinstaller.ProfileInstallReceiver"
144-->[androidx.profileinstaller:profileinstaller:1.3.1] AndroidManifest.xml:35:13-76
145            android:directBootAware="false"
145-->[androidx.profileinstaller:profileinstaller:1.3.1] AndroidManifest.xml:36:13-44
146            android:enabled="true"
146-->[androidx.profileinstaller:profileinstaller:1.3.1] AndroidManifest.xml:37:13-35
147            android:exported="true"
147-->[androidx.profileinstaller:profileinstaller:1.3.1] AndroidManifest.xml:38:13-36
148            android:permission="android.permission.DUMP" >
148-->[androidx.profileinstaller:profileinstaller:1.3.1] AndroidManifest.xml:39:13-57
149            <intent-filter>
149-->[androidx.profileinstaller:profileinstaller:1.3.1] AndroidManifest.xml:40:13-42:29
150                <action android:name="androidx.profileinstaller.action.INSTALL_PROFILE" />
150-->[androidx.profileinstaller:profileinstaller:1.3.1] AndroidManifest.xml:41:17-91
150-->[androidx.profileinstaller:profileinstaller:1.3.1] AndroidManifest.xml:41:25-88
151            </intent-filter>
152            <intent-filter>
152-->[androidx.profileinstaller:profileinstaller:1.3.1] AndroidManifest.xml:43:13-45:29
153                <action android:name="androidx.profileinstaller.action.SKIP_FILE" />
153-->[androidx.profileinstaller:profileinstaller:1.3.1] AndroidManifest.xml:44:17-85
153-->[androidx.profileinstaller:profileinstaller:1.3.1] AndroidManifest.xml:44:25-82
154            </intent-filter>
155            <intent-filter>
155-->[androidx.profileinstaller:profileinstaller:1.3.1] AndroidManifest.xml:46:13-48:29
156                <action android:name="androidx.profileinstaller.action.SAVE_PROFILE" />
156-->[androidx.profileinstaller:profileinstaller:1.3.1] AndroidManifest.xml:47:17-88
156-->[androidx.profileinstaller:profileinstaller:1.3.1] AndroidManifest.xml:47:25-85
157            </intent-filter>
158            <intent-filter>
158-->[androidx.profileinstaller:profileinstaller:1.3.1] AndroidManifest.xml:49:13-51:29
159                <action android:name="androidx.profileinstaller.action.BENCHMARK_OPERATION" />
159-->[androidx.profileinstaller:profileinstaller:1.3.1] AndroidManifest.xml:50:17-95
159-->[androidx.profileinstaller:profileinstaller:1.3.1] AndroidManifest.xml:50:25-92
160            </intent-filter>
161        </receiver>
162    </application>
163
164</manifest>